c:\game_projects\hw2_solution\hw2_solution\temp\mckillasgorilla\debug\mckillasgorilla.pdb
c:\game_projects\hw2_solution\hw2_solution\temp\mckillasgorilla\debug\mckillasgorilla.idb
c:\game_projects\hw2_solution\hw2_solution\temp\mckillasgorilla\debug\world.obj
c:\game_projects\hw2_solution\hw2_solution\temp\mckillasgorilla\debug\button.obj
c:\game_projects\hw2_solution\hw2_solution\temp\mckillasgorilla\debug\cursor.obj
c:\game_projects\hw2_solution\hw2_solution\temp\mckillasgorilla\debug\gamegui.obj
c:\game_projects\hw2_solution\hw2_solution\temp\mckillasgorilla\debug\screengui.obj
c:\game_projects\hw2_solution\hw2_solution\temp\mckillasgorilla\debug\viewport.obj
c:\game_projects\hw2_solution\hw2_solution\temp\mckillasgorilla\debug\gameinput.obj
c:\game_projects\hw2_solution\hw2_solution\temp\mckillasgorilla\debug\directxgraphics.obj
c:\game_projects\hw2_solution\hw2_solution\temp\mckillasgorilla\debug\directxtexturemanager.obj
c:\game_projects\hw2_solution\hw2_solution\temp\mckillasgorilla\debug\windowsinput.obj
c:\game_projects\hw2_solution\hw2_solution\temp\mckillasgorilla\debug\windowsos.obj
c:\game_projects\hw2_solution\hw2_solution\temp\mckillasgorilla\debug\gameresources.obj
c:\game_projects\hw2_solution\hw2_solution\temp\mckillasgorilla\debug\mgengineconfigimporter.obj
c:\game_projects\hw2_solution\hw2_solution\temp\mckillasgorilla\debug\mglevelimporter.obj
c:\game_projects\hw2_solution\hw2_solution\temp\mckillasgorilla\debug\poseurspritetypeimporter.obj
c:\game_projects\hw2_solution\hw2_solution\temp\mckillasgorilla\debug\tmxmapimporter.obj
c:\game_projects\hw2_solution\hw2_solution\temp\mckillasgorilla\debug\textfilereader.obj
c:\game_projects\hw2_solution\hw2_solution\temp\mckillasgorilla\debug\gametext.obj
c:\game_projects\hw2_solution\hw2_solution\temp\mckillasgorilla\debug\textfilewriter.obj
c:\game_projects\hw2_solution\hw2_solution\temp\mckillasgorilla\debug\stdafx.obj
c:\game_projects\hw2_solution\hw2_solution\temp\mckillasgorilla\debug\game.obj
c:\game_projects\hw2_solution\hw2_solution\temp\mckillasgorilla\debug\wstringtable.obj
c:\game_projects\hw2_solution\hw2_solution\temp\mckillasgorilla\debug\gamegraphics.obj
c:\game_projects\hw2_solution\hw2_solution\temp\mckillasgorilla\debug\renderlist.obj
c:\game_projects\hw2_solution\hw2_solution\temp\mckillasgorilla\debug\texturemanager.obj
c:\game_projects\hw2_solution\hw2_solution\temp\mckillasgorilla\debug\deterministicmovement.obj
c:\game_projects\hw2_solution\hw2_solution\temp\mckillasgorilla\debug\randomspawn.obj
c:\game_projects\hw2_solution\hw2_solution\temp\mckillasgorilla\debug\randomintervalmovement.obj
c:\game_projects\hw2_solution\hw2_solution\temp\mckillasgorilla\debug\recycleddeath.obj
c:\game_projects\hw2_solution\hw2_solution\temp\mckillasgorilla\debug\respawneddeath.obj
c:\game_projects\hw2_solution\hw2_solution\temp\mckillasgorilla\debug\bot.obj
c:\game_projects\hw2_solution\hw2_solution\temp\mckillasgorilla\debug\botrecycler.obj
c:\game_projects\hw2_solution\hw2_solution\temp\mckillasgorilla\debug\botspawningpool.obj
c:\game_projects\hw2_solution\hw2_solution\temp\mckillasgorilla\debug\physics.obj
c:\game_projects\hw2_solution\hw2_solution\temp\mckillasgorilla\debug\animatedsprite.obj
c:\game_projects\hw2_solution\hw2_solution\temp\mckillasgorilla\debug\animatedspritetype.obj
c:\game_projects\hw2_solution\hw2_solution\temp\mckillasgorilla\debug\spritemanager.obj
c:\game_projects\hw2_solution\hw2_solution\temp\mckillasgorilla\debug\gamestatemanager.obj
c:\game_projects\hw2_solution\hw2_solution\temp\mckillasgorilla\debug\sparselayer.obj
c:\game_projects\hw2_solution\hw2_solution\temp\mckillasgorilla\debug\tiledlayer.obj
c:\game_projects\hw2_solution\hw2_solution\temp\mckillasgorilla\debug\gameclock.obj
c:\group_project\team_rawless\temp\mckillasgorilla\debug\mckillasgorilla.pdb
c:\group_project\team_rawless\temp\mckillasgorilla\debug\mckillasgorilla.idb
c:\group_project\team_rawless\temp\mckillasgorilla\debug\world.obj
c:\group_project\team_rawless\temp\mckillasgorilla\debug\button.obj
c:\group_project\team_rawless\temp\mckillasgorilla\debug\cursor.obj
c:\group_project\team_rawless\temp\mckillasgorilla\debug\gamegui.obj
c:\group_project\team_rawless\temp\mckillasgorilla\debug\screengui.obj
c:\group_project\team_rawless\temp\mckillasgorilla\debug\viewport.obj
c:\group_project\team_rawless\temp\mckillasgorilla\debug\gameinput.obj
c:\group_project\team_rawless\temp\mckillasgorilla\debug\directxgraphics.obj
c:\group_project\team_rawless\temp\mckillasgorilla\debug\directxtexturemanager.obj
c:\group_project\team_rawless\temp\mckillasgorilla\debug\windowsinput.obj
c:\group_project\team_rawless\temp\mckillasgorilla\debug\windowsos.obj
c:\group_project\team_rawless\temp\mckillasgorilla\debug\gameresources.obj
c:\group_project\team_rawless\temp\mckillasgorilla\debug\mgengineconfigimporter.obj
c:\group_project\team_rawless\temp\mckillasgorilla\debug\mglevelimporter.obj
c:\group_project\team_rawless\temp\mckillasgorilla\debug\poseurspritetypeimporter.obj
c:\group_project\team_rawless\temp\mckillasgorilla\debug\tmxmapimporter.obj
c:\group_project\team_rawless\temp\mckillasgorilla\debug\textfilereader.obj
c:\group_project\team_rawless\temp\mckillasgorilla\debug\gametext.obj
c:\group_project\team_rawless\temp\mckillasgorilla\debug\textfilewriter.obj
c:\group_project\team_rawless\temp\mckillasgorilla\debug\stdafx.obj
c:\group_project\team_rawless\temp\mckillasgorilla\debug\game.obj
c:\group_project\team_rawless\temp\mckillasgorilla\debug\wstringtable.obj
c:\group_project\team_rawless\temp\mckillasgorilla\debug\gamegraphics.obj
c:\group_project\team_rawless\temp\mckillasgorilla\debug\renderlist.obj
c:\group_project\team_rawless\temp\mckillasgorilla\debug\texturemanager.obj
c:\group_project\team_rawless\temp\mckillasgorilla\debug\deterministicmovement.obj
c:\group_project\team_rawless\temp\mckillasgorilla\debug\randomspawn.obj
c:\group_project\team_rawless\temp\mckillasgorilla\debug\randomintervalmovement.obj
c:\group_project\team_rawless\temp\mckillasgorilla\debug\recycleddeath.obj
c:\group_project\team_rawless\temp\mckillasgorilla\debug\respawneddeath.obj
c:\group_project\team_rawless\temp\mckillasgorilla\debug\bot.obj
c:\group_project\team_rawless\temp\mckillasgorilla\debug\botrecycler.obj
c:\group_project\team_rawless\temp\mckillasgorilla\debug\botspawningpool.obj
c:\group_project\team_rawless\temp\mckillasgorilla\debug\physics.obj
c:\group_project\team_rawless\temp\mckillasgorilla\debug\animatedsprite.obj
c:\group_project\team_rawless\temp\mckillasgorilla\debug\animatedspritetype.obj
c:\group_project\team_rawless\temp\mckillasgorilla\debug\spritemanager.obj
c:\group_project\team_rawless\temp\mckillasgorilla\debug\gamestatemanager.obj
c:\group_project\team_rawless\temp\mckillasgorilla\debug\sparselayer.obj
c:\group_project\team_rawless\temp\mckillasgorilla\debug\tiledlayer.obj
c:\group_project\team_rawless\temp\mckillasgorilla\debug\gameclock.obj
c:\game_projects\hw2_solution\hw2_solution\common\mckillasgorilla.lib
c:\group_project\team_rawless\common\mckillasgorilla.lib
c:\group_project\team_rawless\common\mckillasgorilla.pdb
c:\group_project\team_rawless\temp\mckillasgorilla\debug\mckillasgorilla.tlog\cl.command.1.tlog
c:\group_project\team_rawless\temp\mckillasgorilla\debug\mckillasgorilla.tlog\cl.read.1.tlog
c:\group_project\team_rawless\temp\mckillasgorilla\debug\mckillasgorilla.tlog\cl.write.1.tlog
c:\group_project\team_rawless\temp\mckillasgorilla\debug\mckillasgorilla.tlog\lib-link.read.1.tlog
c:\group_project\team_rawless\temp\mckillasgorilla\debug\mckillasgorilla.tlog\lib-link.write.1.tlog
c:\group_project\team_rawless\temp\mckillasgorilla\debug\mckillasgorilla.tlog\lib.command.1.tlog
