c:\game_projects\hw2_solution\hw2_solution\temp\tinyxml\debug\tinyxml.pdb
c:\game_projects\hw2_solution\hw2_solution\temp\tinyxml\debug\tinyxml.idb
c:\game_projects\hw2_solution\hw2_solution\temp\tinyxml\debug\tinystr.obj
c:\game_projects\hw2_solution\hw2_solution\temp\tinyxml\debug\tinyxml.obj
c:\game_projects\hw2_solution\hw2_solution\temp\tinyxml\debug\tinyxmlerror.obj
c:\game_projects\hw2_solution\hw2_solution\temp\tinyxml\debug\tinyxmlparser.obj
c:\game_projects\hw2_solution\hw2_solution\temp\tinyxml\debug\xmltest.obj
c:\game_projects\hw2_solution\hw2_solution\temp\tinyxml\debug\stdafx.obj
c:\group_project\team_rawless\temp\tinyxml\debug\tinyxml.pdb
c:\group_project\team_rawless\temp\tinyxml\debug\tinyxml.idb
c:\group_project\team_rawless\temp\tinyxml\debug\tinystr.obj
c:\group_project\team_rawless\temp\tinyxml\debug\tinyxml.obj
c:\group_project\team_rawless\temp\tinyxml\debug\tinyxmlerror.obj
c:\group_project\team_rawless\temp\tinyxml\debug\tinyxmlparser.obj
c:\group_project\team_rawless\temp\tinyxml\debug\xmltest.obj
c:\group_project\team_rawless\temp\tinyxml\debug\stdafx.obj
c:\game_projects\hw2_solution\hw2_solution\common\tinyxml.lib
c:\group_project\team_rawless\common\tinyxml.lib
c:\group_project\team_rawless\common\tinyxml.pdb
c:\group_project\team_rawless\temp\tinyxml\debug\tinyxml.tlog\cl.command.1.tlog
c:\group_project\team_rawless\temp\tinyxml\debug\tinyxml.tlog\cl.read.1.tlog
c:\group_project\team_rawless\temp\tinyxml\debug\tinyxml.tlog\cl.write.1.tlog
c:\group_project\team_rawless\temp\tinyxml\debug\tinyxml.tlog\lib-link.read.1.tlog
c:\group_project\team_rawless\temp\tinyxml\debug\tinyxml.tlog\lib-link.write.1.tlog
c:\group_project\team_rawless\temp\tinyxml\debug\tinyxml.tlog\lib.command.1.tlog
